<?xml version="1.0" encoding="UTF-8"?>
<!-- Generated by org.testng.reporters.JUnitXMLReporter -->
<testsuite hostname="LAPTOP-6T1UKP4L" ignored="3" name="Default test(failed)" tests="1" failures="1" timestamp="14 Apr 2021 08:21:02 GMT" time="0.034" errors="0">
  <testcase name="demo1" time="0.01" classname="april14.DemoClass">
    <failure type="java.lang.AssertionError" message="expected [true] but found [false]">
      <![CDATA[java.lang.AssertionError: expected [true] but found [false]
at april14.DemoClass.demo1(DemoClass.java:17)
... Removed 29 stack frames]]>
    </failure>
  </testcase> <!-- demo1 -->
  <testcase name="demo3" time="0.0" classname="april14.DemoClass">
    <ignored/>
  </testcase> <!-- demo3 -->
  <testcase name="demo2" time="0.0" classname="april14.DemoClass">
    <ignored/>
  </testcase> <!-- demo2 -->
  <testcase name="demo" time="0.0" classname="april14.DemoClass">
    <ignored/>
  </testcase> <!-- demo -->
</testsuite> <!-- Default test(failed) -->
